  Game.cpp
  C:\Program Files (x86)\Microsoft DirectX SDK (June 2010)\Include\dinput.h: DIRECTINPUT_VERSION undefined. Defaulting to version 0x0800
Vektoria_Debug.lib(DeviceGameControllers.obj) : warning LNK4099: PDB "Vektoria.pdb" wurde nicht mit "Vektoria_Debug.lib(DeviceGameControllers.obj)" oder an "D:\Projects\Vektoria\AppHalloKugel\Debug\Vektoria.pdb" gefunden; Objekt wird verknüpft, als ob keine Debuginformationen vorhanden wären.
Vektoria_Debug.lib(DeviceCursor.obj) : warning LNK4099: PDB "Vektoria.pdb" wurde nicht mit "Vektoria_Debug.lib(DeviceCursor.obj)" oder an "D:\Projects\Vektoria\AppHalloKugel\Debug\Vektoria.pdb" gefunden; Objekt wird verknüpft, als ob keine Debuginformationen vorhanden wären.
Vektoria_Debug.lib(DeviceGameController.obj) : warning LNK4099: PDB "Vektoria.pdb" wurde nicht mit "Vektoria_Debug.lib(DeviceGameController.obj)" oder an "D:\Projects\Vektoria\AppHalloKugel\Debug\Vektoria.pdb" gefunden; Objekt wird verknüpft, als ob keine Debuginformationen vorhanden wären.
Vektoria_Debug.lib(DeviceKeyboard.obj) : warning LNK4099: PDB "" wurde nicht mit "Vektoria_Debug.lib(DeviceKeyboard.obj)" oder an "" gefunden; Objekt wird verknüpft, als ob keine Debuginformationen vorhanden wären.
Vektoria_Debug.lib(DeviceVRController.obj) : warning LNK4099: PDB "Vektoria.pdb" wurde nicht mit "Vektoria_Debug.lib(DeviceVRController.obj)" oder an "D:\Projects\Vektoria\AppHalloKugel\Debug\Vektoria.pdb" gefunden; Objekt wird verknüpft, als ob keine Debuginformationen vorhanden wären.
Vektoria_Debug.lib(DeviceVRControllers.obj) : warning LNK4099: PDB "Vektoria.pdb" wurde nicht mit "Vektoria_Debug.lib(DeviceVRControllers.obj)" oder an "D:\Projects\Vektoria\AppHalloKugel\Debug\Vektoria.pdb" gefunden; Objekt wird verknüpft, als ob keine Debuginformationen vorhanden wären.
Vektoria_Debug.lib(EmitterParticles.obj) : warning LNK4099: PDB "Vektoria.pdb" wurde nicht mit "Vektoria_Debug.lib(EmitterParticles.obj)" oder an "D:\Projects\Vektoria\AppHalloKugel\Debug\Vektoria.pdb" gefunden; Objekt wird verknüpft, als ob keine Debuginformationen vorhanden wären.
Vektoria_Debug.lib(FileVektoria.obj) : warning LNK4099: PDB "Vektoria.pdb" wurde nicht mit "Vektoria_Debug.lib(FileVektoria.obj)" oder an "D:\Projects\Vektoria\AppHalloKugel\Debug\Vektoria.pdb" gefunden; Objekt wird verknüpft, als ob keine Debuginformationen vorhanden wären.
Vektoria_Debug.lib(GeoDome.obj) : warning LNK4099: PDB "Vektoria.pdb" wurde nicht mit "Vektoria_Debug.lib(GeoDome.obj)" oder an "D:\Projects\Vektoria\AppHalloKugel\Debug\Vektoria.pdb" gefunden; Objekt wird verknüpft, als ob keine Debuginformationen vorhanden wären.
Vektoria_Debug.lib(GeoLineList.obj) : warning LNK4099: PDB "Vektoria.pdb" wurde nicht mit "Vektoria_Debug.lib(GeoLineList.obj)" oder an "D:\Projects\Vektoria\AppHalloKugel\Debug\Vektoria.pdb" gefunden; Objekt wird verknüpft, als ob keine Debuginformationen vorhanden wären.
Vektoria_Debug.lib(GeoPointList.obj) : warning LNK4099: PDB "Vektoria.pdb" wurde nicht mit "Vektoria_Debug.lib(GeoPointList.obj)" oder an "D:\Projects\Vektoria\AppHalloKugel\Debug\Vektoria.pdb" gefunden; Objekt wird verknüpft, als ob keine Debuginformationen vorhanden wären.
Vektoria_Debug.lib(GeoSphere.obj) : warning LNK4099: PDB "" wurde nicht mit "Vektoria_Debug.lib(GeoSphere.obj)" oder an "" gefunden; Objekt wird verknüpft, als ob keine Debuginformationen vorhanden wären.
Vektoria_Debug.lib(GeoTerrain.obj) : warning LNK4099: PDB "Vektoria.pdb" wurde nicht mit "Vektoria_Debug.lib(GeoTerrain.obj)" oder an "D:\Projects\Vektoria\AppHalloKugel\Debug\Vektoria.pdb" gefunden; Objekt wird verknüpft, als ob keine Debuginformationen vorhanden wären.
Vektoria_Debug.lib(GeoTerrains.obj) : warning LNK4099: PDB "Vektoria.pdb" wurde nicht mit "Vektoria_Debug.lib(GeoTerrains.obj)" oder an "D:\Projects\Vektoria\AppHalloKugel\Debug\Vektoria.pdb" gefunden; Objekt wird verknüpft, als ob keine Debuginformationen vorhanden wären.
Vektoria_Debug.lib(GeoTriangleList.obj) : warning LNK4099: PDB "Vektoria.pdb" wurde nicht mit "Vektoria_Debug.lib(GeoTriangleList.obj)" oder an "D:\Projects\Vektoria\AppHalloKugel\Debug\Vektoria.pdb" gefunden; Objekt wird verknüpft, als ob keine Debuginformationen vorhanden wären.
Vektoria_Debug.lib(GeoTriangleLists.obj) : warning LNK4099: PDB "Vektoria.pdb" wurde nicht mit "Vektoria_Debug.lib(GeoTriangleLists.obj)" oder an "D:\Projects\Vektoria\AppHalloKugel\Debug\Vektoria.pdb" gefunden; Objekt wird verknüpft, als ob keine Debuginformationen vorhanden wären.
Vektoria_Debug.lib(GeoTriangleStrip.obj) : warning LNK4099: PDB "Vektoria.pdb" wurde nicht mit "Vektoria_Debug.lib(GeoTriangleStrip.obj)" oder an "D:\Projects\Vektoria\AppHalloKugel\Debug\Vektoria.pdb" gefunden; Objekt wird verknüpft, als ob keine Debuginformationen vorhanden wären.
Vektoria_Debug.lib(GeoTriangleTable.obj) : warning LNK4099: PDB "Vektoria.pdb" wurde nicht mit "Vektoria_Debug.lib(GeoTriangleTable.obj)" oder an "D:\Projects\Vektoria\AppHalloKugel\Debug\Vektoria.pdb" gefunden; Objekt wird verknüpft, als ob keine Debuginformationen vorhanden wären.
Vektoria_Debug.lib(GeoTriangleTableIntersects.obj) : warning LNK4099: PDB "Vektoria.pdb" wurde nicht mit "Vektoria_Debug.lib(GeoTriangleTableIntersects.obj)" oder an "D:\Projects\Vektoria\AppHalloKugel\Debug\Vektoria.pdb" gefunden; Objekt wird verknüpft, als ob keine Debuginformationen vorhanden wären.
Vektoria_Debug.lib(GeoWall.obj) : warning LNK4099: PDB "Vektoria.pdb" wurde nicht mit "Vektoria_Debug.lib(GeoWall.obj)" oder an "D:\Projects\Vektoria\AppHalloKugel\Debug\Vektoria.pdb" gefunden; Objekt wird verknüpft, als ob keine Debuginformationen vorhanden wären.
Vektoria_Debug.lib(GeoWalls.obj) : warning LNK4099: PDB "Vektoria.pdb" wurde nicht mit "Vektoria_Debug.lib(GeoWalls.obj)" oder an "D:\Projects\Vektoria\AppHalloKugel\Debug\Vektoria.pdb" gefunden; Objekt wird verknüpft, als ob keine Debuginformationen vorhanden wären.
Vektoria_Debug.lib(GeoWindow.obj) : warning LNK4099: PDB "Vektoria.pdb" wurde nicht mit "Vektoria_Debug.lib(GeoWindow.obj)" oder an "D:\Projects\Vektoria\AppHalloKugel\Debug\Vektoria.pdb" gefunden; Objekt wird verknüpft, als ob keine Debuginformationen vorhanden wären.
Vektoria_Debug.lib(GeoWindowInstance.obj) : warning LNK4099: PDB "Vektoria.pdb" wurde nicht mit "Vektoria_Debug.lib(GeoWindowInstance.obj)" oder an "D:\Projects\Vektoria\AppHalloKugel\Debug\Vektoria.pdb" gefunden; Objekt wird verknüpft, als ob keine Debuginformationen vorhanden wären.
Vektoria_Debug.lib(GeoWindowInstances.obj) : warning LNK4099: PDB "Vektoria.pdb" wurde nicht mit "Vektoria_Debug.lib(GeoWindowInstances.obj)" oder an "D:\Projects\Vektoria\AppHalloKugel\Debug\Vektoria.pdb" gefunden; Objekt wird verknüpft, als ob keine Debuginformationen vorhanden wären.
Vektoria_Debug.lib(GeoWing.obj) : warning LNK4099: PDB "Vektoria.pdb" wurde nicht mit "Vektoria_Debug.lib(GeoWing.obj)" oder an "D:\Projects\Vektoria\AppHalloKugel\Debug\Vektoria.pdb" gefunden; Objekt wird verknüpft, als ob keine Debuginformationen vorhanden wären.
Vektoria_Debug.lib(GeoWings.obj) : warning LNK4099: PDB "Vektoria.pdb" wurde nicht mit "Vektoria_Debug.lib(GeoWings.obj)" oder an "D:\Projects\Vektoria\AppHalloKugel\Debug\Vektoria.pdb" gefunden; Objekt wird verknüpft, als ob keine Debuginformationen vorhanden wären.
Vektoria_Debug.lib(HitPoint.obj) : warning LNK4099: PDB "" wurde nicht mit "Vektoria_Debug.lib(HitPoint.obj)" oder an "" gefunden; Objekt wird verknüpft, als ob keine Debuginformationen vorhanden wären.
Vektoria_Debug.lib(HitPoints.obj) : warning LNK4099: PDB "Vektoria.pdb" wurde nicht mit "Vektoria_Debug.lib(HitPoints.obj)" oder an "D:\Projects\Vektoria\AppHalloKugel\Debug\Vektoria.pdb" gefunden; Objekt wird verknüpft, als ob keine Debuginformationen vorhanden wären.
Vektoria_Debug.lib(LightParallel.obj) : warning LNK4099: PDB "Vektoria.pdb" wurde nicht mit "Vektoria_Debug.lib(LightParallel.obj)" oder an "D:\Projects\Vektoria\AppHalloKugel\Debug\Vektoria.pdb" gefunden; Objekt wird verknüpft, als ob keine Debuginformationen vorhanden wären.
Vektoria_Debug.lib(LightParallels.obj) : warning LNK4099: PDB "" wurde nicht mit "Vektoria_Debug.lib(LightParallels.obj)" oder an "" gefunden; Objekt wird verknüpft, als ob keine Debuginformationen vorhanden wären.
Vektoria_Debug.lib(LightRadial.obj) : warning LNK4099: PDB "Vektoria.pdb" wurde nicht mit "Vektoria_Debug.lib(LightRadial.obj)" oder an "D:\Projects\Vektoria\AppHalloKugel\Debug\Vektoria.pdb" gefunden; Objekt wird verknüpft, als ob keine Debuginformationen vorhanden wären.
Vektoria_Debug.lib(LightRadials.obj) : warning LNK4099: PDB "Vektoria.pdb" wurde nicht mit "Vektoria_Debug.lib(LightRadials.obj)" oder an "D:\Projects\Vektoria\AppHalloKugel\Debug\Vektoria.pdb" gefunden; Objekt wird verknüpft, als ob keine Debuginformationen vorhanden wären.
Vektoria_Debug.lib(LightSpot.obj) : warning LNK4099: PDB "Vektoria.pdb" wurde nicht mit "Vektoria_Debug.lib(LightSpot.obj)" oder an "D:\Projects\Vektoria\AppHalloKugel\Debug\Vektoria.pdb" gefunden; Objekt wird verknüpft, als ob keine Debuginformationen vorhanden wären.
Vektoria_Debug.lib(LightSpots.obj) : warning LNK4099: PDB "Vektoria.pdb" wurde nicht mit "Vektoria_Debug.lib(LightSpots.obj)" oder an "D:\Projects\Vektoria\AppHalloKugel\Debug\Vektoria.pdb" gefunden; Objekt wird verknüpft, als ob keine Debuginformationen vorhanden wären.
Vektoria_Debug.lib(Node3D.obj) : warning LNK4099: PDB "Vektoria.pdb" wurde nicht mit "Vektoria_Debug.lib(Node3D.obj)" oder an "D:\Projects\Vektoria\AppHalloKugel\Debug\Vektoria.pdb" gefunden; Objekt wird verknüpft, als ob keine Debuginformationen vorhanden wären.
Vektoria_Debug.lib(NodeInstance.obj) : warning LNK4099: PDB "Vektoria.pdb" wurde nicht mit "Vektoria_Debug.lib(NodeInstance.obj)" oder an "D:\Projects\Vektoria\AppHalloKugel\Debug\Vektoria.pdb" gefunden; Objekt wird verknüpft, als ob keine Debuginformationen vorhanden wären.
Vektoria_Debug.lib(Octree.obj) : warning LNK4099: PDB "Vektoria.pdb" wurde nicht mit "Vektoria_Debug.lib(Octree.obj)" oder an "D:\Projects\Vektoria\AppHalloKugel\Debug\Vektoria.pdb" gefunden; Objekt wird verknüpft, als ob keine Debuginformationen vorhanden wären.
Vektoria_Debug.lib(PlacementPhysics.obj) : warning LNK4099: PDB "Vektoria.pdb" wurde nicht mit "Vektoria_Debug.lib(PlacementPhysics.obj)" oder an "D:\Projects\Vektoria\AppHalloKugel\Debug\Vektoria.pdb" gefunden; Objekt wird verknüpft, als ob keine Debuginformationen vorhanden wären.
Vektoria_Debug.lib(RootGlobals.obj) : warning LNK4099: PDB "Vektoria.pdb" wurde nicht mit "Vektoria_Debug.lib(RootGlobals.obj)" oder an "D:\Projects\Vektoria\AppHalloKugel\Debug\Vektoria.pdb" gefunden; Objekt wird verknüpft, als ob keine Debuginformationen vorhanden wären.
Vektoria_Debug.lib(ScenePhysics.obj) : warning LNK4099: PDB "Vektoria.pdb" wurde nicht mit "Vektoria_Debug.lib(ScenePhysics.obj)" oder an "D:\Projects\Vektoria\AppHalloKugel\Debug\Vektoria.pdb" gefunden; Objekt wird verknüpft, als ob keine Debuginformationen vorhanden wären.
Vektoria_Debug.lib(SceneWeather.obj) : warning LNK4099: PDB "Vektoria.pdb" wurde nicht mit "Vektoria_Debug.lib(SceneWeather.obj)" oder an "D:\Projects\Vektoria\AppHalloKugel\Debug\Vektoria.pdb" gefunden; Objekt wird verknüpft, als ob keine Debuginformationen vorhanden wären.
Vektoria_Debug.lib(Splash.obj) : warning LNK4099: PDB "Vektoria.pdb" wurde nicht mit "Vektoria_Debug.lib(Splash.obj)" oder an "D:\Projects\Vektoria\AppHalloKugel\Debug\Vektoria.pdb" gefunden; Objekt wird verknüpft, als ob keine Debuginformationen vorhanden wären.
Vektoria_Debug.lib(Sprite.obj) : warning LNK4099: PDB "Vektoria.pdb" wurde nicht mit "Vektoria_Debug.lib(Sprite.obj)" oder an "D:\Projects\Vektoria\AppHalloKugel\Debug\Vektoria.pdb" gefunden; Objekt wird verknüpft, als ob keine Debuginformationen vorhanden wären.
Vektoria_Debug.lib(Timer.obj) : warning LNK4099: PDB "Vektoria.pdb" wurde nicht mit "Vektoria_Debug.lib(Timer.obj)" oder an "D:\Projects\Vektoria\AppHalloKugel\Debug\Vektoria.pdb" gefunden; Objekt wird verknüpft, als ob keine Debuginformationen vorhanden wären.
Vektoria_Debug.lib(Audio.obj) : warning LNK4099: PDB "Vektoria.pdb" wurde nicht mit "Vektoria_Debug.lib(Audio.obj)" oder an "D:\Projects\Vektoria\AppHalloKugel\Debug\Vektoria.pdb" gefunden; Objekt wird verknüpft, als ob keine Debuginformationen vorhanden wären.
Vektoria_Debug.lib(Audios.obj) : warning LNK4099: PDB "Vektoria.pdb" wurde nicht mit "Vektoria_Debug.lib(Audios.obj)" oder an "D:\Projects\Vektoria\AppHalloKugel\Debug\Vektoria.pdb" gefunden; Objekt wird verknüpft, als ob keine Debuginformationen vorhanden wären.
Vektoria_Debug.lib(Background.obj) : warning LNK4099: PDB "Vektoria.pdb" wurde nicht mit "Vektoria_Debug.lib(Background.obj)" oder an "D:\Projects\Vektoria\AppHalloKugel\Debug\Vektoria.pdb" gefunden; Objekt wird verknüpft, als ob keine Debuginformationen vorhanden wären.
Vektoria_Debug.lib(Backgrounds.obj) : warning LNK4099: PDB "Vektoria.pdb" wurde nicht mit "Vektoria_Debug.lib(Backgrounds.obj)" oder an "D:\Projects\Vektoria\AppHalloKugel\Debug\Vektoria.pdb" gefunden; Objekt wird verknüpft, als ob keine Debuginformationen vorhanden wären.
Vektoria_Debug.lib(Camera.obj) : warning LNK4099: PDB "Vektoria.pdb" wurde nicht mit "Vektoria_Debug.lib(Camera.obj)" oder an "D:\Projects\Vektoria\AppHalloKugel\Debug\Vektoria.pdb" gefunden; Objekt wird verknüpft, als ob keine Debuginformationen vorhanden wären.
Vektoria_Debug.lib(Cameras.obj) : warning LNK4099: PDB "Vektoria.pdb" wurde nicht mit "Vektoria_Debug.lib(Cameras.obj)" oder an "D:\Projects\Vektoria\AppHalloKugel\Debug\Vektoria.pdb" gefunden; Objekt wird verknüpft, als ob keine Debuginformationen vorhanden wären.
Vektoria_Debug.lib(Emitter.obj) : warning LNK4099: PDB "Vektoria.pdb" wurde nicht mit "Vektoria_Debug.lib(Emitter.obj)" oder an "D:\Projects\Vektoria\AppHalloKugel\Debug\Vektoria.pdb" gefunden; Objekt wird verknüpft, als ob keine Debuginformationen vorhanden wären.
Vektoria_Debug.lib(Emitters.obj) : warning LNK4099: PDB "Vektoria.pdb" wurde nicht mit "Vektoria_Debug.lib(Emitters.obj)" oder an "D:\Projects\Vektoria\AppHalloKugel\Debug\Vektoria.pdb" gefunden; Objekt wird verknüpft, als ob keine Debuginformationen vorhanden wären.
Vektoria_Debug.lib(Face.obj) : warning LNK4099: PDB "Vektoria.pdb" wurde nicht mit "Vektoria_Debug.lib(Face.obj)" oder an "D:\Projects\Vektoria\AppHalloKugel\Debug\Vektoria.pdb" gefunden; Objekt wird verknüpft, als ob keine Debuginformationen vorhanden wären.
Vektoria_Debug.lib(Faces.obj) : warning LNK4099: PDB "Vektoria.pdb" wurde nicht mit "Vektoria_Debug.lib(Faces.obj)" oder an "D:\Projects\Vektoria\AppHalloKugel\Debug\Vektoria.pdb" gefunden; Objekt wird verknüpft, als ob keine Debuginformationen vorhanden wären.
Vektoria_Debug.lib(Frame.obj) : warning LNK4099: PDB "" wurde nicht mit "Vektoria_Debug.lib(Frame.obj)" oder an "" gefunden; Objekt wird verknüpft, als ob keine Debuginformationen vorhanden wären.
Vektoria_Debug.lib(Frames.obj) : warning LNK4099: PDB "Vektoria.pdb" wurde nicht mit "Vektoria_Debug.lib(Frames.obj)" oder an "D:\Projects\Vektoria\AppHalloKugel\Debug\Vektoria.pdb" gefunden; Objekt wird verknüpft, als ob keine Debuginformationen vorhanden wären.
Vektoria_Debug.lib(Geo.obj) : warning LNK4099: PDB "Vektoria.pdb" wurde nicht mit "Vektoria_Debug.lib(Geo.obj)" oder an "D:\Projects\Vektoria\AppHalloKugel\Debug\Vektoria.pdb" gefunden; Objekt wird verknüpft, als ob keine Debuginformationen vorhanden wären.
Vektoria_Debug.lib(GeoCylinder.obj) : warning LNK4099: PDB "Vektoria.pdb" wurde nicht mit "Vektoria_Debug.lib(GeoCylinder.obj)" oder an "D:\Projects\Vektoria\AppHalloKugel\Debug\Vektoria.pdb" gefunden; Objekt wird verknüpft, als ob keine Debuginformationen vorhanden wären.
Vektoria_Debug.lib(GeoEllipsoid.obj) : warning LNK4099: PDB "Vektoria.pdb" wurde nicht mit "Vektoria_Debug.lib(GeoEllipsoid.obj)" oder an "D:\Projects\Vektoria\AppHalloKugel\Debug\Vektoria.pdb" gefunden; Objekt wird verknüpft, als ob keine Debuginformationen vorhanden wären.
Vektoria_Debug.lib(GeoQuad.obj) : warning LNK4099: PDB "Vektoria.pdb" wurde nicht mit "Vektoria_Debug.lib(GeoQuad.obj)" oder an "D:\Projects\Vektoria\AppHalloKugel\Debug\Vektoria.pdb" gefunden; Objekt wird verknüpft, als ob keine Debuginformationen vorhanden wären.
Vektoria_Debug.lib(Geos.obj) : warning LNK4099: PDB "Vektoria.pdb" wurde nicht mit "Vektoria_Debug.lib(Geos.obj)" oder an "D:\Projects\Vektoria\AppHalloKugel\Debug\Vektoria.pdb" gefunden; Objekt wird verknüpft, als ob keine Debuginformationen vorhanden wären.
Vektoria_Debug.lib(GeoSweep.obj) : warning LNK4099: PDB "Vektoria.pdb" wurde nicht mit "Vektoria_Debug.lib(GeoSweep.obj)" oder an "D:\Projects\Vektoria\AppHalloKugel\Debug\Vektoria.pdb" gefunden; Objekt wird verknüpft, als ob keine Debuginformationen vorhanden wären.
Vektoria_Debug.lib(Hardware.obj) : warning LNK4099: PDB "Vektoria.pdb" wurde nicht mit "Vektoria_Debug.lib(Hardware.obj)" oder an "D:\Projects\Vektoria\AppHalloKugel\Debug\Vektoria.pdb" gefunden; Objekt wird verknüpft, als ob keine Debuginformationen vorhanden wären.
Vektoria_Debug.lib(Hardwares.obj) : warning LNK4099: PDB "Vektoria.pdb" wurde nicht mit "Vektoria_Debug.lib(Hardwares.obj)" oder an "D:\Projects\Vektoria\AppHalloKugel\Debug\Vektoria.pdb" gefunden; Objekt wird verknüpft, als ob keine Debuginformationen vorhanden wären.
Vektoria_Debug.lib(Image.obj) : warning LNK4099: PDB "Vektoria.pdb" wurde nicht mit "Vektoria_Debug.lib(Image.obj)" oder an "D:\Projects\Vektoria\AppHalloKugel\Debug\Vektoria.pdb" gefunden; Objekt wird verknüpft, als ob keine Debuginformationen vorhanden wären.
Vektoria_Debug.lib(Light.obj) : warning LNK4099: PDB "Vektoria.pdb" wurde nicht mit "Vektoria_Debug.lib(Light.obj)" oder an "D:\Projects\Vektoria\AppHalloKugel\Debug\Vektoria.pdb" gefunden; Objekt wird verknüpft, als ob keine Debuginformationen vorhanden wären.
Vektoria_Debug.lib(Material.obj) : warning LNK4099: PDB "" wurde nicht mit "Vektoria_Debug.lib(Material.obj)" oder an "" gefunden; Objekt wird verknüpft, als ob keine Debuginformationen vorhanden wären.
Vektoria_Debug.lib(Materials.obj) : warning LNK4099: PDB "Vektoria.pdb" wurde nicht mit "Vektoria_Debug.lib(Materials.obj)" oder an "D:\Projects\Vektoria\AppHalloKugel\Debug\Vektoria.pdb" gefunden; Objekt wird verknüpft, als ob keine Debuginformationen vorhanden wären.
Vektoria_Debug.lib(Nodes.obj) : warning LNK4099: PDB "Vektoria.pdb" wurde nicht mit "Vektoria_Debug.lib(Nodes.obj)" oder an "D:\Projects\Vektoria\AppHalloKugel\Debug\Vektoria.pdb" gefunden; Objekt wird verknüpft, als ob keine Debuginformationen vorhanden wären.
Vektoria_Debug.lib(Overlay.obj) : warning LNK4099: PDB "Vektoria.pdb" wurde nicht mit "Vektoria_Debug.lib(Overlay.obj)" oder an "D:\Projects\Vektoria\AppHalloKugel\Debug\Vektoria.pdb" gefunden; Objekt wird verknüpft, als ob keine Debuginformationen vorhanden wären.
Vektoria_Debug.lib(Overlays.obj) : warning LNK4099: PDB "Vektoria.pdb" wurde nicht mit "Vektoria_Debug.lib(Overlays.obj)" oder an "D:\Projects\Vektoria\AppHalloKugel\Debug\Vektoria.pdb" gefunden; Objekt wird verknüpft, als ob keine Debuginformationen vorhanden wären.
Vektoria_Debug.lib(Placement.obj) : warning LNK4099: PDB "Vektoria.pdb" wurde nicht mit "Vektoria_Debug.lib(Placement.obj)" oder an "D:\Projects\Vektoria\AppHalloKugel\Debug\Vektoria.pdb" gefunden; Objekt wird verknüpft, als ob keine Debuginformationen vorhanden wären.
Vektoria_Debug.lib(Placements.obj) : warning LNK4099: PDB "Vektoria.pdb" wurde nicht mit "Vektoria_Debug.lib(Placements.obj)" oder an "D:\Projects\Vektoria\AppHalloKugel\Debug\Vektoria.pdb" gefunden; Objekt wird verknüpft, als ob keine Debuginformationen vorhanden wären.
Vektoria_Debug.lib(Root.obj) : warning LNK4099: PDB "Vektoria.pdb" wurde nicht mit "Vektoria_Debug.lib(Root.obj)" oder an "D:\Projects\Vektoria\AppHalloKugel\Debug\Vektoria.pdb" gefunden; Objekt wird verknüpft, als ob keine Debuginformationen vorhanden wären.
Vektoria_Debug.lib(Scene.obj) : warning LNK4099: PDB "Vektoria.pdb" wurde nicht mit "Vektoria_Debug.lib(Scene.obj)" oder an "D:\Projects\Vektoria\AppHalloKugel\Debug\Vektoria.pdb" gefunden; Objekt wird verknüpft, als ob keine Debuginformationen vorhanden wären.
Vektoria_Debug.lib(Scenes.obj) : warning LNK4099: PDB "Vektoria.pdb" wurde nicht mit "Vektoria_Debug.lib(Scenes.obj)" oder an "D:\Projects\Vektoria\AppHalloKugel\Debug\Vektoria.pdb" gefunden; Objekt wird verknüpft, als ob keine Debuginformationen vorhanden wären.
Vektoria_Debug.lib(Texture.obj) : warning LNK4099: PDB "Vektoria.pdb" wurde nicht mit "Vektoria_Debug.lib(Texture.obj)" oder an "D:\Projects\Vektoria\AppHalloKugel\Debug\Vektoria.pdb" gefunden; Objekt wird verknüpft, als ob keine Debuginformationen vorhanden wären.
Vektoria_Debug.lib(UtilLogFile.obj) : warning LNK4099: PDB "Vektoria.pdb" wurde nicht mit "Vektoria_Debug.lib(UtilLogFile.obj)" oder an "D:\Projects\Vektoria\AppHalloKugel\Debug\Vektoria.pdb" gefunden; Objekt wird verknüpft, als ob keine Debuginformationen vorhanden wären.
Vektoria_Debug.lib(Vertex.obj) : warning LNK4099: PDB "Vektoria.pdb" wurde nicht mit "Vektoria_Debug.lib(Vertex.obj)" oder an "D:\Projects\Vektoria\AppHalloKugel\Debug\Vektoria.pdb" gefunden; Objekt wird verknüpft, als ob keine Debuginformationen vorhanden wären.
Vektoria_Debug.lib(Vertexs.obj) : warning LNK4099: PDB "Vektoria.pdb" wurde nicht mit "Vektoria_Debug.lib(Vertexs.obj)" oder an "D:\Projects\Vektoria\AppHalloKugel\Debug\Vektoria.pdb" gefunden; Objekt wird verknüpft, als ob keine Debuginformationen vorhanden wären.
Vektoria_Debug.lib(Viewport.obj) : warning LNK4099: PDB "Vektoria.pdb" wurde nicht mit "Vektoria_Debug.lib(Viewport.obj)" oder an "D:\Projects\Vektoria\AppHalloKugel\Debug\Vektoria.pdb" gefunden; Objekt wird verknüpft, als ob keine Debuginformationen vorhanden wären.
Vektoria_Debug.lib(Viewports.obj) : warning LNK4099: PDB "" wurde nicht mit "Vektoria_Debug.lib(Viewports.obj)" oder an "" gefunden; Objekt wird verknüpft, als ob keine Debuginformationen vorhanden wären.
Vektoria_Debug.lib(Node.obj) : warning LNK4099: PDB "Vektoria.pdb" wurde nicht mit "Vektoria_Debug.lib(Node.obj)" oder an "D:\Projects\Vektoria\AppHalloKugel\Debug\Vektoria.pdb" gefunden; Objekt wird verknüpft, als ob keine Debuginformationen vorhanden wären.
Vektoria_Debug.lib(Wribel.obj) : warning LNK4099: PDB "Vektoria.pdb" wurde nicht mit "Vektoria_Debug.lib(Wribel.obj)" oder an "D:\Projects\Vektoria\AppHalloKugel\Debug\Vektoria.pdb" gefunden; Objekt wird verknüpft, als ob keine Debuginformationen vorhanden wären.
Vektoria_Debug.lib(Wribels.obj) : warning LNK4099: PDB "Vektoria.pdb" wurde nicht mit "Vektoria_Debug.lib(Wribels.obj)" oder an "D:\Projects\Vektoria\AppHalloKugel\Debug\Vektoria.pdb" gefunden; Objekt wird verknüpft, als ob keine Debuginformationen vorhanden wären.
Vektoria_Debug.lib(Writing.obj) : warning LNK4099: PDB "Vektoria.pdb" wurde nicht mit "Vektoria_Debug.lib(Writing.obj)" oder an "D:\Projects\Vektoria\AppHalloKugel\Debug\Vektoria.pdb" gefunden; Objekt wird verknüpft, als ob keine Debuginformationen vorhanden wären.
Vektoria_Debug.lib(WritingChar.obj) : warning LNK4099: PDB "Vektoria.pdb" wurde nicht mit "Vektoria_Debug.lib(WritingChar.obj)" oder an "D:\Projects\Vektoria\AppHalloKugel\Debug\Vektoria.pdb" gefunden; Objekt wird verknüpft, als ob keine Debuginformationen vorhanden wären.
Vektoria_Debug.lib(WritingChars.obj) : warning LNK4099: PDB "Vektoria.pdb" wurde nicht mit "Vektoria_Debug.lib(WritingChars.obj)" oder an "D:\Projects\Vektoria\AppHalloKugel\Debug\Vektoria.pdb" gefunden; Objekt wird verknüpft, als ob keine Debuginformationen vorhanden wären.
Vektoria_Debug.lib(WritingFont.obj) : warning LNK4099: PDB "Vektoria.pdb" wurde nicht mit "Vektoria_Debug.lib(WritingFont.obj)" oder an "D:\Projects\Vektoria\AppHalloKugel\Debug\Vektoria.pdb" gefunden; Objekt wird verknüpft, als ob keine Debuginformationen vorhanden wären.
Vektoria_Debug.lib(Writings.obj) : warning LNK4099: PDB "Vektoria.pdb" wurde nicht mit "Vektoria_Debug.lib(Writings.obj)" oder an "D:\Projects\Vektoria\AppHalloKugel\Debug\Vektoria.pdb" gefunden; Objekt wird verknüpft, als ob keine Debuginformationen vorhanden wären.
VektoriaMath_Debug.lib(2Vector.obj) : warning LNK4099: PDB "" wurde nicht mit "VektoriaMath_Debug.lib(2Vector.obj)" oder an "" gefunden; Objekt wird verknüpft, als ob keine Debuginformationen vorhanden wären.
VektoriaMath_Debug.lib(2Vectors.obj) : warning LNK4099: PDB "VektoriaMath.pdb" wurde nicht mit "VektoriaMath_Debug.lib(2Vectors.obj)" oder an "D:\Projects\Vektoria\AppHalloKugel\Debug\VektoriaMath.pdb" gefunden; Objekt wird verknüpft, als ob keine Debuginformationen vorhanden wären.
VektoriaMath_Debug.lib(AABB.obj) : warning LNK4099: PDB "VektoriaMath.pdb" wurde nicht mit "VektoriaMath_Debug.lib(AABB.obj)" oder an "D:\Projects\Vektoria\AppHalloKugel\Debug\VektoriaMath.pdb" gefunden; Objekt wird verknüpft, als ob keine Debuginformationen vorhanden wären.
VektoriaMath_Debug.lib(Blob.obj) : warning LNK4099: PDB "VektoriaMath.pdb" wurde nicht mit "VektoriaMath_Debug.lib(Blob.obj)" oder an "D:\Projects\Vektoria\AppHalloKugel\Debug\VektoriaMath.pdb" gefunden; Objekt wird verknüpft, als ob keine Debuginformationen vorhanden wären.
VektoriaMath_Debug.lib(Blobs.obj) : warning LNK4099: PDB "VektoriaMath.pdb" wurde nicht mit "VektoriaMath_Debug.lib(Blobs.obj)" oder an "D:\Projects\Vektoria\AppHalloKugel\Debug\VektoriaMath.pdb" gefunden; Objekt wird verknüpft, als ob keine Debuginformationen vorhanden wären.
VektoriaMath_Debug.lib(Color.obj) : warning LNK4099: PDB "VektoriaMath.pdb" wurde nicht mit "VektoriaMath_Debug.lib(Color.obj)" oder an "D:\Projects\Vektoria\AppHalloKugel\Debug\VektoriaMath.pdb" gefunden; Objekt wird verknüpft, als ob keine Debuginformationen vorhanden wären.
VektoriaMath_Debug.lib(Cut.obj) : warning LNK4099: PDB "VektoriaMath.pdb" wurde nicht mit "VektoriaMath_Debug.lib(Cut.obj)" oder an "D:\Projects\Vektoria\AppHalloKugel\Debug\VektoriaMath.pdb" gefunden; Objekt wird verknüpft, als ob keine Debuginformationen vorhanden wären.
VektoriaMath_Debug.lib(Cuts.obj) : warning LNK4099: PDB "VektoriaMath.pdb" wurde nicht mit "VektoriaMath_Debug.lib(Cuts.obj)" oder an "D:\Projects\Vektoria\AppHalloKugel\Debug\VektoriaMath.pdb" gefunden; Objekt wird verknüpft, als ob keine Debuginformationen vorhanden wären.
VektoriaMath_Debug.lib(FloatRect.obj) : warning LNK4099: PDB "VektoriaMath.pdb" wurde nicht mit "VektoriaMath_Debug.lib(FloatRect.obj)" oder an "D:\Projects\Vektoria\AppHalloKugel\Debug\VektoriaMath.pdb" gefunden; Objekt wird verknüpft, als ob keine Debuginformationen vorhanden wären.
VektoriaMath_Debug.lib(FrustumCasted.obj) : warning LNK4099: PDB "VektoriaMath.pdb" wurde nicht mit "VektoriaMath_Debug.lib(FrustumCasted.obj)" oder an "D:\Projects\Vektoria\AppHalloKugel\Debug\VektoriaMath.pdb" gefunden; Objekt wird verknüpft, als ob keine Debuginformationen vorhanden wären.
VektoriaMath_Debug.lib(GraphNoise.obj) : warning LNK4099: PDB "VektoriaMath.pdb" wurde nicht mit "VektoriaMath_Debug.lib(GraphNoise.obj)" oder an "D:\Projects\Vektoria\AppHalloKugel\Debug\VektoriaMath.pdb" gefunden; Objekt wird verknüpft, als ob keine Debuginformationen vorhanden wären.
VektoriaMath_Debug.lib(HMat.obj) : warning LNK4099: PDB "VektoriaMath.pdb" wurde nicht mit "VektoriaMath_Debug.lib(HMat.obj)" oder an "D:\Projects\Vektoria\AppHalloKugel\Debug\VektoriaMath.pdb" gefunden; Objekt wird verknüpft, als ob keine Debuginformationen vorhanden wären.
VektoriaMath_Debug.lib(HMats.obj) : warning LNK4099: PDB "VektoriaMath.pdb" wurde nicht mit "VektoriaMath_Debug.lib(HMats.obj)" oder an "D:\Projects\Vektoria\AppHalloKugel\Debug\VektoriaMath.pdb" gefunden; Objekt wird verknüpft, als ob keine Debuginformationen vorhanden wären.
VektoriaMath_Debug.lib(HVector.obj) : warning LNK4099: PDB "VektoriaMath.pdb" wurde nicht mit "VektoriaMath_Debug.lib(HVector.obj)" oder an "D:\Projects\Vektoria\AppHalloKugel\Debug\VektoriaMath.pdb" gefunden; Objekt wird verknüpft, als ob keine Debuginformationen vorhanden wären.
VektoriaMath_Debug.lib(HVectors.obj) : warning LNK4099: PDB "VektoriaMath.pdb" wurde nicht mit "VektoriaMath_Debug.lib(HVectors.obj)" oder an "D:\Projects\Vektoria\AppHalloKugel\Debug\VektoriaMath.pdb" gefunden; Objekt wird verknüpft, als ob keine Debuginformationen vorhanden wären.
VektoriaMath_Debug.lib(Perlin.obj) : warning LNK4099: PDB "VektoriaMath.pdb" wurde nicht mit "VektoriaMath_Debug.lib(Perlin.obj)" oder an "D:\Projects\Vektoria\AppHalloKugel\Debug\VektoriaMath.pdb" gefunden; Objekt wird verknüpft, als ob keine Debuginformationen vorhanden wären.
VektoriaMath_Debug.lib(Plane.obj) : warning LNK4099: PDB "VektoriaMath.pdb" wurde nicht mit "VektoriaMath_Debug.lib(Plane.obj)" oder an "D:\Projects\Vektoria\AppHalloKugel\Debug\VektoriaMath.pdb" gefunden; Objekt wird verknüpft, als ob keine Debuginformationen vorhanden wären.
VektoriaMath_Debug.lib(Quaternion.obj) : warning LNK4099: PDB "" wurde nicht mit "VektoriaMath_Debug.lib(Quaternion.obj)" oder an "" gefunden; Objekt wird verknüpft, als ob keine Debuginformationen vorhanden wären.
VektoriaMath_Debug.lib(Random.obj) : warning LNK4099: PDB "VektoriaMath.pdb" wurde nicht mit "VektoriaMath_Debug.lib(Random.obj)" oder an "D:\Projects\Vektoria\AppHalloKugel\Debug\VektoriaMath.pdb" gefunden; Objekt wird verknüpft, als ob keine Debuginformationen vorhanden wären.
VektoriaMath_Debug.lib(Ray.obj) : warning LNK4099: PDB "VektoriaMath.pdb" wurde nicht mit "VektoriaMath_Debug.lib(Ray.obj)" oder an "D:\Projects\Vektoria\AppHalloKugel\Debug\VektoriaMath.pdb" gefunden; Objekt wird verknüpft, als ob keine Debuginformationen vorhanden wären.
VektoriaMath_Debug.lib(SineWave.obj) : warning LNK4099: PDB "" wurde nicht mit "VektoriaMath_Debug.lib(SineWave.obj)" oder an "" gefunden; Objekt wird verknüpft, als ob keine Debuginformationen vorhanden wären.
VektoriaMath_Debug.lib(SineWaves.obj) : warning LNK4099: PDB "VektoriaMath.pdb" wurde nicht mit "VektoriaMath_Debug.lib(SineWaves.obj)" oder an "D:\Projects\Vektoria\AppHalloKugel\Debug\VektoriaMath.pdb" gefunden; Objekt wird verknüpft, als ob keine Debuginformationen vorhanden wären.
  VektoriaApp.vcxproj -> D:\Projects\Vektoria\AppHalloKugel\Debug\VektoriaApp.exe
