****************
Vektoria-Logfile

****************
Ok:    Distribudted Graphics API established
Ok:    Loading VEKTORIA
Ok:    Loading M
Ok:    Loading T449
Ok:    Loading I450
Ok:    Loading T451
Ok:    Loading I452
Ok:    Loading T453
Ok:    Loading I454
Ok:    Loading T455
Ok:    Loading I456
Ok:    Loading T457
Ok:    Loading I458
Ok:    Collected materials in virtual hierarchy
Ok:    Collected materials in real hierarchy
Ok:    Cyberglasses API established
Ok:    Graphics API established
Ok:    Sound Api created
Ok:    Frames created
Ok:    Scenes created
Ok:    Hierarchy checked.
Ok:    Materials created
Ok:    Viewports created
